<?xml version="1.0" encoding="UTF-8"?>
<!-- Generated by org.testng.reporters.JUnitReportReporter -->
<testsuite hostname="AIPC490" name="myRunner.CucumberRunner" tests="2" failures="0" timestamp="27 Jan 2020 13:18:05 GMT" time="23.330" errors="0">
  <testcase name="feature" time="10.232" classname="myRunner.CucumberRunner"/>
  <testcase name="feature" time="13.098" classname="myRunner.CucumberRunner"/>
</testsuite> <!-- myRunner.CucumberRunner -->
