<?xml version="1.0" encoding="UTF-8"?>
<!-- Generated by org.testng.reporters.JUnitReportReporter -->
<testsuite hostname="AIPC490" name="myRunner.CucumberRunner" tests="1" failures="0" timestamp="21 Jan 2020 12:17:10 GMT" time="20.462" errors="0">
  <testcase name="feature" time="20.462" classname="myRunner.CucumberRunner"/>
</testsuite> <!-- myRunner.CucumberRunner -->
